<?xml version="1.0" encoding="UTF-8"?>
<!-- Generated by org.testng.reporters.JUnitXMLReporter -->
<testsuite ignored="0" hostname="ITWS07" failures="0" tests="5" name="Surefire test" time="0.077" errors="0" timestamp="2023-11-07T14:05:25 IST">
  <testcase classname="cse.UserValidationTest" name="testCase1" time="0.02"/>
  <testcase classname="cse.UserValidationTest" name="testCase2" time="0.001"/>
  <testcase classname="cse.UserValidationTest" name="testCase3" time="0.001"/>
  <testcase classname="cse.UserValidationTest" name="testCase4" time="0.002"/>
  <testcase classname="cse.UserValidationTest" name="testCase5" time="0.001"/>
</testsuite> <!-- Surefire test -->
